log time : 2017-03-13 14:44:02-----> cron job executed !!
log time : 2017-03-13 14:45:01-----> cron job executed !!
log time : 2017-03-13 14:46:01-----> cron job executed !!
log time : 2017-03-13 14:47:01-----> cron job executed !!
log time : 2017-03-13 14:48:01-----> cron job executed !!
log time : 2017-03-13 14:49:02-----> cron job executed !!
log time : 2017-03-13 14:50:01-----> cron job executed !!
log time : 2017-03-13 14:55:01-----> cron job executed !!

문재인  is already exists in database !!

황교안  is already exists in database !!

안희정  is already exists in database !!

안철수  is already exists in database !!

유승민  is already exists in database !!

이재명  is already exists in database !!
log time : 2017-03-13 14:56:01-----> cron job executed !!

문재인  is already exists in database !!

황교안  is already exists in database !!

안희정  is already exists in database !!

안철수  is already exists in database !!

유승민  is already exists in database !!

이재명  is already exists in database !!
log time : 2017-03-13 14:57:01-----> cron job executed !!

문재인  is already exists in database !!
model does not exist

황교안  is already exists in database !!
model does not exist

안희정  is already exists in database !!
model does not exist

안철수  is already exists in database !!
model does not exist

유승민  is already exists in database !!
model does not exist

이재명  is already exists in database !!
model does not exist
log time : 2017-03-13 14:58:01-----> cron job executed !!

문재인  is already exists in database !!
model does not exist

황교안  is already exists in database !!
model does not exist

안희정  is already exists in database !!
model does not exist

안철수  is already exists in database !!
model does not exist

유승민  is already exists in database !!
model does not exist

이재명  is already exists in database !!
model does not exist
log time : 2017-03-13 14:59:01-----> cron job executed !!
model exists
model does not exist
model exists
model does not exist
model exists
model does not exist
model exists
model does not exist
model exists
model does not exist
model exists
model does not exist
log time : 2017-03-13 15:00:01-----> cron job executed !!
model exists
model does not exist
model exists
model does not exist
model exists
model does not exist
model exists
model does not exist
model exists
model does not exist
model exists
model does not exist
log time : 2017-03-13 15:01:01-----> cron job executed !!
model exists
model does not exist
model exists
model does not exist
model exists
model does not exist
model exists
model does not exist
model exists
model does not exist
model exists
model does not exist
log time : 2017-03-13 15:02:02-----> cron job executed !!
model exists
model does not exist
model exists
model does not exist
model exists
model does not exist
model exists
model does not exist
model exists
model does not exist
model exists
model does not exist
log time : 2017-03-13 15:03:01-----> cron job executed !!
model exists
model does not exist
model exists
model does not exist
model exists
model does not exist
model exists
model does not exist
model exists
model does not exist
model exists
model does not exist
log time : 2017-03-13 15:04:01-----> cron job executed !!
model exists
model does not exist
model exists
model does not exist
model exists
model does not exist
model exists
model does not exist
model exists
model does not exist
model exists
model does not exist
log time : 2017-03-13 15:05:01-----> cron job executed !!
model exists
model does not exist
model exists
model does not exist
model exists
model does not exist
model exists
model does not exist
model exists
model does not exist
model exists
model does not exist
log time : 2017-03-13 15:06:02-----> cron job executed !!
model exists
model does not exist
model exists
model does not exist
model exists
model does not exist
model exists
model does not exist
model exists
model does not exist
model exists
model does not exist
log time : 2017-03-13 15:07:01-----> cron job executed !!
model exists
model does not exist
model exists
model does not exist
model exists
model does not exist
model exists
model does not exist
model exists
model does not exist
model exists
model does not exist
log time : 2017-03-13 15:08:01-----> cron job executed !!
model exists
model does not exist
model exists
model does not exist
model exists
model does not exist
model exists
model does not exist
model exists
model does not exist
model exists
model does not exist
log time : 2017-03-13 15:09:01-----> cron job executed !!
model exists
model does not exist
model exists
model does not exist
model exists
model does not exist
model exists
model does not exist
model exists
model does not exist
model exists
model does not exist
log time : 2017-03-13 15:10:01-----> cron job executed !!
model exists
model does not exist
model exists
model does not exist
model exists
model does not exist
model exists
model does not exist
model exists
model does not exist
model exists
model does not exist
log time : 2017-03-13 15:11:02-----> cron job executed !!
model exists
model does not exist
model exists
model does not exist
model exists
model does not exist
model exists
model does not exist
model exists
model does not exist
model exists
model does not exist
log time : 2017-03-13 15:12:01-----> cron job executed !!
model exists
model does not exist
model exists
model does not exist
model exists
model does not exist
model exists
model does not exist
model exists
model does not exist
model exists
model does not exist
log time : 2017-03-13 15:13:01-----> cron job executed !!
model exists
model does not exist
model exists
model does not exist
model exists
model does not exist
model exists
model does not exist
model exists
model does not exist
model exists
model does not exist
log time : 2017-03-13 15:14:01-----> cron job executed !!
model exists
model does not exist
model exists
model does not exist
model exists
model does not exist
model exists
model does not exist
model exists
model does not exist
model exists
model does not exist
log time : 2017-03-13 15:15:02-----> cron job executed !!
model exists
model does not exist
model exists
model does not exist
model exists
model does not exist
model exists
model does not exist
model exists
model does not exist
model exists
model does not exist
log time : 2017-03-13 15:16:01-----> cron job executed !!
model exists
model does not exist
model exists
model does not exist
model exists
model does not exist
model exists
model does not exist
model exists
model does not exist
model exists
model does not exist
log time : 2017-03-13 15:17:01-----> cron job executed !!
model exists
model does not exist
model exists
model does not exist
model exists
model does not exist
model exists
model does not exist
model exists
model does not exist
model exists
model does not exist
log time : 2017-03-13 15:18:01-----> cron job executed !!
model exists
model does not exist
model exists
model does not exist
model exists
model does not exist
model exists
model does not exist
model exists
model does not exist
model exists
model does not exist
log time : 2017-03-13 15:19:02-----> cron job executed !!
model exists
model does not exist
model exists
model does not exist
model exists
model does not exist
model exists
model does not exist
model exists
model does not exist
model exists
model does not exist
log time : 2017-03-13 15:20:01-----> cron job executed !!
model exists
model does not exist
model exists
model does not exist
model exists
model does not exist
model exists
model does not exist
model exists
model does not exist
model exists
model does not exist
log time : 2017-03-13 15:21:01-----> cron job executed !!
model exists
model does not exist
model exists
model does not exist
model exists
model does not exist
model exists
model does not exist
model exists
model does not exist
model exists
model does not exist
log time : 2017-03-13 15:22:01-----> cron job executed !!
model exists
model does not exist
model exists
model does not exist
model exists
model does not exist
model exists
model does not exist
model exists
model does not exist
model exists
model does not exist
log time : 2017-03-13 15:23:02-----> cron job executed !!
model exists
model does not exist
model exists
model does not exist
model exists
model does not exist
model exists
model does not exist
model exists
model does not exist
model exists
model does not exist
log time : 2017-03-13 15:24:01-----> cron job executed !!
model exists
model does not exist
model exists
model does not exist
model exists
model does not exist
model exists
model does not exist
model exists
model does not exist
model exists
model does not exist
log time : 2017-03-13 15:25:01-----> cron job executed !!
model exists
model does not exist
model exists
model does not exist
model exists
model does not exist
model exists
model does not exist
model exists
model does not exist
model exists
model does not exist
log time : 2017-03-13 15:26:01-----> cron job executed !!
model exists
model does not exist
model exists
model does not exist
model exists
model does not exist
model exists
model does not exist
model exists
model does not exist
model exists
model does not exist
log time : 2017-03-13 15:27:01-----> cron job executed !!
model exists
model does not exist
model exists
model does not exist
model exists
model does not exist
model exists
model does not exist
model exists
model does not exist
model exists
model does not exist
log time : 2017-03-13 15:28:02-----> cron job executed !!
model exists
model does not exist
model exists
model does not exist
model exists
model does not exist
model exists
model does not exist
model exists
model does not exist
model exists
model does not exist
log time : 2017-03-13 15:29:01-----> cron job executed !!
model does not exist
model does not exist
model does not exist
model does not exist
model does not exist
model does not exist
log time : 2017-03-13 15:30:01-----> cron job executed !!
model does not exist
model does not exist
model does not exist
model does not exist
model does not exist
model does not exist
log time : 2017-03-13 15:31:01-----> cron job executed !!
model does not exist
model does not exist
model does not exist
model does not exist
model does not exist
model does not exist
log time : 2017-03-13 15:32:02-----> cron job executed !!
model does not exist
model does not exist
model does not exist
model does not exist
model does not exist
model does not exist
log time : 2017-03-13 15:33:01-----> cron job executed !!
model does not exist
model does not exist
model does not exist
model does not exist
model does not exist
model does not exist
log time : 2017-03-13 15:34:01-----> cron job executed !!
model does not exist
model does not exist
model does not exist
model does not exist
model does not exist
model does not exist
log time : 2017-03-13 15:35:01-----> cron job executed !!
model does not exist
model does not exist
model does not exist
model does not exist
model does not exist
model does not exist
log time : 2017-03-13 15:36:02-----> cron job executed !!
model does not exist
model does not exist
model does not exist
model does not exist
model does not exist
model does not exist
log time : 2017-03-13 15:37:01-----> cron job executed !!
model exists
model does not exist
model does not exist
model does not exist
model does not exist
model does not exist
model does not exist
log time : 2017-03-13 15:38:01-----> cron job executed !!
model exists
model does not exist
model exists
model does not exist
model does not exist
model does not exist
model does not exist
model does not exist
log time : 2017-03-13 15:39:02-----> cron job executed !!
model exists
model does not exist
model exists
model does not exist
model exists
model does not exist
model exists
model does not exist
model does not exist
model does not exist
log time : 2017-03-13 15:40:01-----> cron job executed !!
model exists
model does not exist
model exists
model does not exist
model exists
model does not exist
model exists
model does not exist
model exists
model does not exist
model does not exist
log time : 2017-03-13 15:41:01-----> cron job executed !!
model exists
model does not exist
model exists
model does not exist
model exists
model does not exist
model exists
model does not exist
model exists
model does not exist
model exists
model does not exist
log time : 2017-03-13 15:42:02-----> cron job executed !!
model exists
model does not exist
model exists
model does not exist
model exists
model does not exist
model exists
model does not exist
model exists
model does not exist
model exists
model does not exist
log time : 2017-03-13 15:43:01-----> cron job executed !!
model exists
model does not exist
model exists
model does not exist
model exists
model does not exist
model exists
model does not exist
model exists
model does not exist
model exists
model does not exist
log time : 2017-03-13 15:44:01-----> cron job executed !!
model exists
model does not exist
model exists
model does not exist
model exists
model does not exist
model exists
model does not exist
model exists
model does not exist
model exists
model does not exist
log time : 2017-03-13 15:45:01-----> cron job executed !!
model exists
model does not exist
model exists
model does not exist
model exists
model does not exist
model exists
model does not exist
model exists
model does not exist
model exists
model does not exist
log time : 2017-03-13 15:46:02-----> cron job executed !!
model exists
model does not exist
model exists
model does not exist
model exists
model does not exist
model exists
model does not exist
model exists
model does not exist
model exists
model does not exist
log time : 2017-03-13 15:47:01-----> cron job executed !!
model exists
model does not exist
model exists
model does not exist
model exists
model does not exist
model exists
model does not exist
model exists
model does not exist
model exists
model does not exist
log time : 2017-03-13 15:48:01-----> cron job executed !!
model exists
model does not exist
model exists
model does not exist
model exists
model does not exist
model exists
model does not exist
model exists
model does not exist
model exists
model does not exist
log time : 2017-03-13 15:49:01-----> cron job executed !!
model exists
model does not exist
model exists
model does not exist
model exists
model does not exist
model exists
model does not exist
model exists
model does not exist
model exists
model does not exist
log time : 2017-03-13 15:50:01-----> cron job executed !!
model exists
model does not exist
model exists
model does not exist
model exists
model does not exist
model exists
model does not exist
model exists
model does not exist
model exists
model does not exist
log time : 2017-03-13 15:51:02-----> cron job executed !!
model exists
model does not exist
model exists
model does not exist
model exists
model does not exist
model exists
model does not exist
model exists
model does not exist
model exists
model does not exist
log time : 2017-03-13 15:52:01-----> cron job executed !!
model exists
model does not exist
model exists
model does not exist
model exists
model does not exist
model exists
model does not exist
model exists
model does not exist
model exists
model does not exist
log time : 2017-03-13 15:53:01-----> cron job executed !!
model exists
model does not exist
model exists
model does not exist
model exists
model does not exist
model exists
model does not exist
model exists
model does not exist
model exists
model does not exist
log time : 2017-03-13 15:54:01-----> cron job executed !!
model exists
model does not exist
model exists
model does not exist
model exists
model does not exist
model exists
model does not exist
model exists
model does not exist
model exists
model does not exist
log time : 2017-03-13 15:55:02-----> cron job executed !!
model exists
model does not exist
model exists
model does not exist
model exists
model does not exist
model exists
model does not exist
model exists
model does not exist
model exists
model does not exist
log time : 2017-03-13 15:56:01-----> cron job executed !!
model exists
model does not exist
model exists
model does not exist
model exists
model does not exist
model exists
model does not exist
model exists
model does not exist
model exists
model does not exist
log time : 2017-03-13 15:57:01-----> cron job executed !!
model exists
model does not exist
model exists
model does not exist
model exists
model does not exist
model exists
model does not exist
model exists
model does not exist
model exists
model does not exist
log time : 2017-03-13 15:58:01-----> cron job executed !!
model exists
model does not exist
model exists
model does not exist
model exists
model does not exist
model exists
model does not exist
model exists
model does not exist
model exists
model does not exist
log time : 2017-03-13 15:59:02-----> cron job executed !!
model exists
model does not exist
model exists
model does not exist
model exists
model does not exist
model exists
model does not exist
model exists
model does not exist
model exists
model does not exist
log time : 2017-03-13 16:00:01-----> cron job executed !!
model exists
model does not exist
model exists
model does not exist
model exists
model does not exist
model exists
model does not exist
model exists
model does not exist
model exists
model does not exist
log time : 2017-03-13 16:01:01-----> cron job executed !!
model does not exist
model does not exist
model does not exist
model does not exist
model does not exist
model does not exist
log time : 2017-03-13 16:02:01-----> cron job executed !!
model exists
model does not exist
model exists
model does not exist
model exists
model does not exist
model exists
model does not exist
model exists
model does not exist
model exists
model does not exist
log time : 2017-03-13 16:03:01-----> cron job executed !!
model exists
model does not exist
model exists
model does not exist
model exists
model does not exist
model exists
model does not exist
model exists
model does not exist
model exists
model does not exist
log time : 2017-03-13 16:04:01-----> cron job executed !!
model exists
model does not exist
model exists
model does not exist
model exists
model does not exist
model exists
model does not exist
model exists
model does not exist
model exists
model does not exist
log time : 2017-03-13 16:05:01-----> cron job executed !!
model exists
model does not exist
model exists
model does not exist
model exists
model does not exist
model exists
model does not exist
model exists
model does not exist
model exists
model does not exist
log time : 2017-03-13 16:06:01-----> cron job executed !!
model exists
model does not exist
model exists
model does not exist
model exists
model does not exist
model exists
model does not exist
model exists
model does not exist
model exists
model does not exist
log time : 2017-03-13 16:07:01-----> cron job executed !!
model exists
model does not exist
model exists
model does not exist
model exists
model does not exist
model exists
model does not exist
model exists
model does not exist
model exists
model does not exist
log time : 2017-03-13 16:08:02-----> cron job executed !!
model exists
model does not exist
model exists
model does not exist
model exists
model does not exist
model exists
model does not exist
model exists
model does not exist
model exists
model does not exist
log time : 2017-03-13 16:09:01-----> cron job executed !!
model exists
model does not exist
model exists
model does not exist
model exists
model does not exist
model exists
model does not exist
model exists
model does not exist
model exists
model does not exist
log time : 2017-03-13 16:10:01-----> cron job executed !!
model exists
model does not exist
model exists
model does not exist
model exists
model does not exist
model exists
model does not exist
model exists
model does not exist
model exists
model does not exist
log time : 2017-03-13 16:11:01-----> cron job executed !!
model exists
model does not exist
model exists
model does not exist
model exists
model does not exist
model exists
model does not exist
model exists
model does not exist
model exists
model does not exist
log time : 2017-03-13 16:12:02-----> cron job executed !!
model exists
model does not exist
model exists
model does not exist
model exists
model does not exist
model exists
model does not exist
model exists
model does not exist
model exists
model does not exist
log time : 2017-03-13 16:13:01-----> cron job executed !!
model exists
model does not exist
model exists
model does not exist
model exists
model does not exist
model exists
model does not exist
model exists
model does not exist
model exists
model does not exist
log time : 2017-03-13 16:14:01-----> cron job executed !!
model exists
model does not exist
model exists
model does not exist
model exists
model does not exist
model exists
model does not exist
model exists
model does not exist
model exists
model does not exist
log time : 2017-03-13 16:15:01-----> cron job executed !!
model exists
model does not exist
model exists
model does not exist
model exists
model does not exist
model exists
model does not exist
model exists
model does not exist
model exists
model does not exist
log time : 2017-03-13 16:16:02-----> cron job executed !!
model exists
model does not exist
model exists
model does not exist
model exists
model does not exist
model exists
model does not exist
model exists
model does not exist
model exists
model does not exist
log time : 2017-03-13 16:17:01-----> cron job executed !!
model exists
model does not exist
model exists
model does not exist
model exists
model does not exist
model exists
model does not exist
model exists
model does not exist
model exists
model does not exist
log time : 2017-03-13 16:18:01-----> cron job executed !!
model exists
model does not exist
model exists
model does not exist
model exists
model does not exist
model exists
model does not exist
model exists
model does not exist
model exists
model does not exist
log time : 2017-03-13 16:19:01-----> cron job executed !!
model exists
model does not exist
model exists
model does not exist
model exists
model does not exist
model exists
model does not exist
model exists
model does not exist
model exists
model does not exist
log time : 2017-03-13 16:20:02-----> cron job executed !!
model exists
model does not exist
model exists
model does not exist
model exists
model does not exist
model exists
model does not exist
model exists
model does not exist
model exists
model does not exist
log time : 2017-03-13 16:21:01-----> cron job executed !!
model exists
model does not exist
model exists
model does not exist
model exists
model does not exist
model exists
model does not exist
model exists
model does not exist
model exists
model does not exist
log time : 2017-03-13 16:22:01-----> cron job executed !!
model exists
model does not exist
model exists
model does not exist
model exists
model does not exist
model exists
model does not exist
model exists
model does not exist
model exists
model does not exist
log time : 2017-03-13 16:23:01-----> cron job executed !!
model exists
model does not exist
model exists
model does not exist
model exists
model does not exist
model exists
model does not exist
model exists
model does not exist
model exists
model does not exist
log time : 2017-03-13 16:24:01-----> cron job executed !!
model exists
model does not exist
model exists
model does not exist
model exists
model does not exist
model exists
model does not exist
model exists
model does not exist
model exists
model does not exist
log time : 2017-03-13 16:25:02-----> cron job executed !!
model exists
model does not exist
model exists
model does not exist
model exists
model does not exist
model exists
model does not exist
model exists
model does not exist
model exists
model does not exist
log time : 2017-03-13 16:26:01-----> cron job executed !!
model exists
model does not exist
model exists
model does not exist
model exists
model does not exist
model exists
model does not exist
model exists
model does not exist
model exists
model does not exist
log time : 2017-03-13 16:27:01-----> cron job executed !!
model exists
model does not exist
model exists
model does not exist
model exists
model does not exist
model exists
model does not exist
model exists
model does not exist
model exists
model does not exist
log time : 2017-03-13 16:28:01-----> cron job executed !!
model exists
model does not exist
model exists
model does not exist
model exists
model does not exist
model exists
model does not exist
model exists
model does not exist
model exists
model does not exist
log time : 2017-03-13 16:29:02-----> cron job executed !!
model exists
model does not exist
model exists
model does not exist
model exists
model does not exist
model exists
model does not exist
model exists
model does not exist
model exists
model does not exist
log time : 2017-03-13 16:30:01-----> cron job executed !!
model exists
model does not exist
model exists
model does not exist
model exists
model does not exist
model exists
model does not exist
model exists
model does not exist
model exists
model does not exist
log time : 2017-03-13 16:31:01-----> cron job executed !!
model exists
model does not exist
model exists
model does not exist
model exists
model does not exist
model exists
model does not exist
model exists
model does not exist
model exists
model does not exist
log time : 2017-03-13 16:32:01-----> cron job executed !!
model exists
model does not exist
model exists
model does not exist
model exists
model does not exist
model exists
model does not exist
model exists
model does not exist
model exists
model does not exist
log time : 2017-03-13 16:33:01-----> cron job executed !!
model exists
model does not exist
model exists
model does not exist
model exists
model does not exist
model exists
model does not exist
model exists
model does not exist
model exists
model does not exist
log time : 2017-03-13 16:34:01-----> cron job executed !!
model exists
model does not exist
model exists
model does not exist
model exists
model does not exist
model exists
model does not exist
model exists
model does not exist
model exists
model does not exist
log time : 2017-03-13 16:35:01-----> cron job executed !!
model exists
model does not exist
model exists
model does not exist
model exists
model does not exist
model exists
model does not exist
model exists
model does not exist
model exists
model does not exist
log time : 2017-03-13 16:36:01-----> cron job executed !!
model exists
model does not exist
model exists
model does not exist
model exists
model does not exist
model exists
model does not exist
model exists
model does not exist
model exists
model does not exist
log time : 2017-03-13 16:37:01-----> cron job executed !!
model exists
model does not exist
model exists
model does not exist
model exists
model does not exist
model exists
model does not exist
model exists
model does not exist
model exists
model does not exist
log time : 2017-03-13 16:38:02-----> cron job executed !!
model exists
model does not exist
model exists
model does not exist
model exists
model does not exist
model exists
model does not exist
model exists
model does not exist
model exists
model does not exist
log time : 2017-03-13 16:39:01-----> cron job executed !!
model exists
model does not exist
model exists
model does not exist
model exists
model does not exist
model exists
model does not exist
model exists
model does not exist
model exists
model does not exist
log time : 2017-03-13 16:40:01-----> cron job executed !!
model exists
model does not exist
model exists
model does not exist
model exists
model does not exist
model exists
model does not exist
model exists
model does not exist
model exists
model does not exist
log time : 2017-03-13 16:41:01-----> cron job executed !!
model exists
model does not exist
model exists
model does not exist
model exists
model does not exist
model exists
model does not exist
model exists
model does not exist
model exists
model does not exist
log time : 2017-03-13 16:42:02-----> cron job executed !!
model exists
model does not exist
model exists
model does not exist
model exists
model does not exist
model exists
model does not exist
model exists
model does not exist
model exists
model does not exist
log time : 2017-03-13 16:43:01-----> cron job executed !!
model exists
model does not exist
model exists
model does not exist
model exists
model does not exist
model exists
model does not exist
model exists
model does not exist
model exists
model does not exist
log time : 2017-03-13 16:44:01-----> cron job executed !!
model exists
model does not exist
model exists
model does not exist
model exists
model does not exist
model exists
model does not exist
model exists
model does not exist
model exists
model does not exist
log time : 2017-03-13 16:45:01-----> cron job executed !!
model exists
model does not exist
model exists
model does not exist
model exists
model does not exist
model exists
model does not exist
model exists
model does not exist
model exists
model does not exist
log time : 2017-03-13 16:46:02-----> cron job executed !!
model exists
model does not exist
model exists
model does not exist
model exists
model does not exist
model exists
model does not exist
model exists
model does not exist
model exists
model does not exist
log time : 2017-03-13 16:47:01-----> cron job executed !!
model exists
model does not exist
model exists
model does not exist
model exists
model does not exist
model exists
model does not exist
model exists
model does not exist
model exists
model does not exist
log time : 2017-03-13 16:48:01-----> cron job executed !!
model exists
model does not exist
model exists
model does not exist
model exists
model does not exist
model exists
model does not exist
model exists
model does not exist
model exists
model does not exist
log time : 2017-03-13 16:49:01-----> cron job executed !!
model exists
model does not exist
model exists
model does not exist
model exists
model does not exist
model exists
model does not exist
model exists
model does not exist
model exists
model does not exist
log time : 2017-03-13 16:50:01-----> cron job executed !!
model exists
model does not exist
model exists
model does not exist
model exists
model does not exist
model exists
model does not exist
model exists
model does not exist
model exists
model does not exist
log time : 2017-03-13 16:51:02-----> cron job executed !!
model exists
model does not exist
model exists
model does not exist
model exists
model does not exist
model exists
model does not exist
model exists
model does not exist
model exists
model does not exist
log time : 2017-03-13 16:52:01-----> cron job executed !!
model exists
model does not exist
model exists
model does not exist
model exists
model does not exist
model exists
model does not exist
model exists
model does not exist
model exists
model does not exist
log time : 2017-03-13 16:53:01-----> cron job executed !!
model exists
<type 'unicode'>
model does not exist
model exists
<type 'unicode'>
model does not exist
model exists
<type 'unicode'>
model does not exist
model exists
<type 'unicode'>
model does not exist
model exists
<type 'unicode'>
model does not exist
model exists
<type 'unicode'>
model does not exist
log time : 2017-03-13 16:54:01-----> cron job executed !!
model exists
문재인
model does not exist
model exists
황교안
model does not exist
model exists
안희정
model does not exist
model exists
안철수
model does not exist
model exists
유승민
model does not exist
model exists
이재명
model does not exist
log time : 2017-03-13 16:55:02-----> cron job executed !!
model exists
문재인
model does not exist
model exists
황교안
model does not exist
model exists
안희정
model does not exist
model exists
안철수
model does not exist
model exists
유승민
model does not exist
model exists
이재명
model does not exist
log time : 2017-03-13 16:56:01-----> cron job executed !!
model exists
문재인
model does not exist
model exists
황교안
model does not exist
model exists
안희정
model does not exist
model exists
안철수
model does not exist
model exists
유승민
model does not exist
model exists
이재명
model does not exist
log time : 2017-03-13 16:57:01-----> cron job executed !!
model exists
문재인
https://search.naver.com/search.naver?where=news&se=0&query=%EB%AC%B8%EC%9E%AC%EC%9D%B8&ie=utf8&sm=tab_opt&sort=0&photo=0&field=0&reporter_article=&pd=3&ds=2017.03.13&de=2017.03.13&docid=&nso=so%3Ar%2Cp%3Afrom20170313to20170313%2Ca%3Aall&mynews=0&mson=0&refresh_start=0&related=0
model exists
황교안
https://search.naver.com/search.naver?where=news&se=0&query=%ED%99%A9%EA%B5%90%EC%95%88&ie=utf8&sm=tab_opt&sort=0&photo=0&field=0&reporter_article=&pd=3&ds=2017.03.13&de=2017.03.13&docid=&nso=so%3Ar%2Cp%3Afrom20170313to20170313%2Ca%3Aall&mynews=0&mson=0&refresh_start=0&related=0
model exists
안희정
https://search.naver.com/search.naver?where=news&se=0&query=%EC%95%88%ED%9D%AC%EC%A0%95&ie=utf8&sm=tab_opt&sort=0&photo=0&field=0&reporter_article=&pd=3&ds=2017.03.13&de=2017.03.13&docid=&nso=so%3Ar%2Cp%3Afrom20170313to20170313%2Ca%3Aall&mynews=0&mson=0&refresh_start=0&related=0
model exists
안철수
https://search.naver.com/search.naver?where=news&se=0&query=%EC%95%88%EC%B2%A0%EC%88%98&ie=utf8&sm=tab_opt&sort=0&photo=0&field=0&reporter_article=&pd=3&ds=2017.03.13&de=2017.03.13&docid=&nso=so%3Ar%2Cp%3Afrom20170313to20170313%2Ca%3Aall&mynews=0&mson=0&refresh_start=0&related=0
model exists
유승민
https://search.naver.com/search.naver?where=news&se=0&query=%EC%9C%A0%EC%8A%B9%EB%AF%BC&ie=utf8&sm=tab_opt&sort=0&photo=0&field=0&reporter_article=&pd=3&ds=2017.03.13&de=2017.03.13&docid=&nso=so%3Ar%2Cp%3Afrom20170313to20170313%2Ca%3Aall&mynews=0&mson=0&refresh_start=0&related=0
model exists
이재명
https://search.naver.com/search.naver?where=news&se=0&query=%EC%9D%B4%EC%9E%AC%EB%AA%85&ie=utf8&sm=tab_opt&sort=0&photo=0&field=0&reporter_article=&pd=3&ds=2017.03.13&de=2017.03.13&docid=&nso=so%3Ar%2Cp%3Afrom20170313to20170313%2Ca%3Aall&mynews=0&mson=0&refresh_start=0&related=0
log time : 2017-03-13 16:58:01-----> cron job executed !!
model exists
문재인
model exists
황교안
model exists
안희정
model exists
안철수
model exists
유승민
model exists
이재명
log time : 2017-03-13 16:59:01-----> cron job executed !!
model exists
문재인
model exists
황교안
model exists
안희정
model exists
안철수
model exists
유승민
model exists
이재명
log time : 2017-03-13 17:00:02-----> cron job executed !!
model exists
문재인
['https://search.naver.com/search.naver?where=news&se=0&query=%EB%AC%B8%EC%9E%AC%EC%9D%B8&ie=utf8&sm=tab_opt&sort=0&photo=0&field=0&reporter_article=&pd=3&ds=2017.03.13&de=2017.03.13&docid=&nso=so%3Ar%2Cp%3Afrom20170313to20170313%2Ca%3Aall&mynews=0&mson=0&refresh_start=0&related=0']
model exists
황교안
['https://search.naver.com/search.naver?where=news&se=0&query=%ED%99%A9%EA%B5%90%EC%95%88&ie=utf8&sm=tab_opt&sort=0&photo=0&field=0&reporter_article=&pd=3&ds=2017.03.13&de=2017.03.13&docid=&nso=so%3Ar%2Cp%3Afrom20170313to20170313%2Ca%3Aall&mynews=0&mson=0&refresh_start=0&related=0']
model exists
안희정
['https://search.naver.com/search.naver?where=news&se=0&query=%EC%95%88%ED%9D%AC%EC%A0%95&ie=utf8&sm=tab_opt&sort=0&photo=0&field=0&reporter_article=&pd=3&ds=2017.03.13&de=2017.03.13&docid=&nso=so%3Ar%2Cp%3Afrom20170313to20170313%2Ca%3Aall&mynews=0&mson=0&refresh_start=0&related=0']
model exists
안철수
['https://search.naver.com/search.naver?where=news&se=0&query=%EC%95%88%EC%B2%A0%EC%88%98&ie=utf8&sm=tab_opt&sort=0&photo=0&field=0&reporter_article=&pd=3&ds=2017.03.13&de=2017.03.13&docid=&nso=so%3Ar%2Cp%3Afrom20170313to20170313%2Ca%3Aall&mynews=0&mson=0&refresh_start=0&related=0']
model exists
유승민
['https://search.naver.com/search.naver?where=news&se=0&query=%EC%9C%A0%EC%8A%B9%EB%AF%BC&ie=utf8&sm=tab_opt&sort=0&photo=0&field=0&reporter_article=&pd=3&ds=2017.03.13&de=2017.03.13&docid=&nso=so%3Ar%2Cp%3Afrom20170313to20170313%2Ca%3Aall&mynews=0&mson=0&refresh_start=0&related=0']
model exists
이재명
['https://search.naver.com/search.naver?where=news&se=0&query=%EC%9D%B4%EC%9E%AC%EB%AA%85&ie=utf8&sm=tab_opt&sort=0&photo=0&field=0&reporter_article=&pd=3&ds=2017.03.13&de=2017.03.13&docid=&nso=so%3Ar%2Cp%3Afrom20170313to20170313%2Ca%3Aall&mynews=0&mson=0&refresh_start=0&related=0']
log time : 2017-03-13 17:01:01-----> cron job executed !!
model exists
문재인
['https://search.naver.com/search.naver?where=news&se=0&query=%EB%AC%B8%EC%9E%AC%EC%9D%B8&ie=utf8&sm=tab_opt&sort=0&photo=0&field=0&reporter_article=&pd=3&ds=2017.03.13&de=2017.03.13&docid=&nso=so%3Ar%2Cp%3Afrom20170313to20170313%2Ca%3Aall&mynews=0&mson=0&refresh_start=0&related=0']
model exists
황교안
['https://search.naver.com/search.naver?where=news&se=0&query=%ED%99%A9%EA%B5%90%EC%95%88&ie=utf8&sm=tab_opt&sort=0&photo=0&field=0&reporter_article=&pd=3&ds=2017.03.13&de=2017.03.13&docid=&nso=so%3Ar%2Cp%3Afrom20170313to20170313%2Ca%3Aall&mynews=0&mson=0&refresh_start=0&related=0']
model exists
안희정
['https://search.naver.com/search.naver?where=news&se=0&query=%EC%95%88%ED%9D%AC%EC%A0%95&ie=utf8&sm=tab_opt&sort=0&photo=0&field=0&reporter_article=&pd=3&ds=2017.03.13&de=2017.03.13&docid=&nso=so%3Ar%2Cp%3Afrom20170313to20170313%2Ca%3Aall&mynews=0&mson=0&refresh_start=0&related=0']
model exists
안철수
['https://search.naver.com/search.naver?where=news&se=0&query=%EC%95%88%EC%B2%A0%EC%88%98&ie=utf8&sm=tab_opt&sort=0&photo=0&field=0&reporter_article=&pd=3&ds=2017.03.13&de=2017.03.13&docid=&nso=so%3Ar%2Cp%3Afrom20170313to20170313%2Ca%3Aall&mynews=0&mson=0&refresh_start=0&related=0']
model exists
유승민
['https://search.naver.com/search.naver?where=news&se=0&query=%EC%9C%A0%EC%8A%B9%EB%AF%BC&ie=utf8&sm=tab_opt&sort=0&photo=0&field=0&reporter_article=&pd=3&ds=2017.03.13&de=2017.03.13&docid=&nso=so%3Ar%2Cp%3Afrom20170313to20170313%2Ca%3Aall&mynews=0&mson=0&refresh_start=0&related=0']
model exists
이재명
['https://search.naver.com/search.naver?where=news&se=0&query=%EC%9D%B4%EC%9E%AC%EB%AA%85&ie=utf8&sm=tab_opt&sort=0&photo=0&field=0&reporter_article=&pd=3&ds=2017.03.13&de=2017.03.13&docid=&nso=so%3Ar%2Cp%3Afrom20170313to20170313%2Ca%3Aall&mynews=0&mson=0&refresh_start=0&related=0']
log time : 2017-03-13 17:02:01-----> cron job executed !!
model exists
문재인
model exists
황교안
model exists
안희정
model exists
안철수
model exists
유승민
model exists
이재명
log time : 2017-03-13 17:03:01-----> cron job executed !!
model exists
문재인
model exists
황교안
model exists
안희정
model exists
안철수
model exists
유승민
model exists
이재명
log time : 2017-03-13 17:04:02-----> cron job executed !!
model exists
문재인
model exists
황교안
model exists
안희정
model exists
안철수
model exists
유승민
model exists
이재명
['https://search.naver.com/search.naver?where=news&se=0&query=%EC%9D%B4%EC%9E%AC%EB%AA%85&ie=utf8&sm=tab_opt&sort=0&photo=0&field=0&reporter_article=&pd=3&ds=2017.03.13&de=2017.03.13&docid=&nso=so%3Ar%2Cp%3Afrom20170313to20170313%2Ca%3Aall&mynews=0&mson=0&refresh_start=0&related=0']
log time : 2017-03-13 17:05:01-----> cron job executed !!
model exists
문재인
model exists
황교안
model exists
안희정
model exists
안철수
model exists
유승민
model exists
이재명
['https://search.naver.com/search.naver?where=news&se=0&query=%EB%AC%B8%EC%9E%AC%EC%9D%B8&ie=utf8&sm=tab_opt&sort=0&photo=0&field=0&reporter_article=&pd=3&ds=2017.03.13&de=2017.03.13&docid=&nso=so%3Ar%2Cp%3Afrom20170313to20170313%2Ca%3Aall&mynews=0&mson=0&refresh_start=0&related=0', 'https://search.naver.com/search.naver?where=news&se=0&query=%ED%99%A9%EA%B5%90%EC%95%88&ie=utf8&sm=tab_opt&sort=0&photo=0&field=0&reporter_article=&pd=3&ds=2017.03.13&de=2017.03.13&docid=&nso=so%3Ar%2Cp%3Afrom20170313to20170313%2Ca%3Aall&mynews=0&mson=0&refresh_start=0&related=0', 'https://search.naver.com/search.naver?where=news&se=0&query=%EC%95%88%ED%9D%AC%EC%A0%95&ie=utf8&sm=tab_opt&sort=0&photo=0&field=0&reporter_article=&pd=3&ds=2017.03.13&de=2017.03.13&docid=&nso=so%3Ar%2Cp%3Afrom20170313to20170313%2Ca%3Aall&mynews=0&mson=0&refresh_start=0&related=0', 'https://search.naver.com/search.naver?where=news&se=0&query=%EC%95%88%EC%B2%A0%EC%88%98&ie=utf8&sm=tab_opt&sort=0&photo=0&field=0&reporter_article=&pd=3&ds=2017.03.13&de=2017.03.13&docid=&nso=so%3Ar%2Cp%3Afrom20170313to20170313%2Ca%3Aall&mynews=0&mson=0&refresh_start=0&related=0', 'https://search.naver.com/search.naver?where=news&se=0&query=%EC%9C%A0%EC%8A%B9%EB%AF%BC&ie=utf8&sm=tab_opt&sort=0&photo=0&field=0&reporter_article=&pd=3&ds=2017.03.13&de=2017.03.13&docid=&nso=so%3Ar%2Cp%3Afrom20170313to20170313%2Ca%3Aall&mynews=0&mson=0&refresh_start=0&related=0', 'https://search.naver.com/search.naver?where=news&se=0&query=%EC%9D%B4%EC%9E%AC%EB%AA%85&ie=utf8&sm=tab_opt&sort=0&photo=0&field=0&reporter_article=&pd=3&ds=2017.03.13&de=2017.03.13&docid=&nso=so%3Ar%2Cp%3Afrom20170313to20170313%2Ca%3Aall&mynews=0&mson=0&refresh_start=0&related=0']
log time : 2017-03-13 17:06:01-----> cron job executed !!
model exists
문재인
model exists
황교안
model exists
안희정
model exists
안철수
model exists
유승민
model exists
이재명
log time : 2017-03-13 17:07:01-----> cron job executed !!
model exists
문재인
model exists
황교안
model exists
안희정
model exists
안철수
model exists
유승민
model exists
이재명
searching...
searching...
searching...
searching...
searching...
searching...
log time : 2017-03-13 17:08:02-----> cron job executed !!
model exists
문재인
model exists
황교안
model exists
안희정
model exists
안철수
model exists
유승민
model exists
이재명
searching...
searching...
searching...
searching...
searching...
searching...
[1106, 676, 641, 382, 305, 456]
log time : 2017-03-13 17:09:01-----> cron job executed !!
model exists
문재인
model exists
황교안
model exists
안희정
model exists
안철수
model exists
유승민
model exists
이재명
searching...
searching...
searching...
searching...
searching...
searching...
[1106, 676, 641, 382, 305, 456]
log time : 2017-03-13 17:10:01-----> cron job executed !!
model exists
문재인
model exists
황교안
model exists
안희정
model exists
안철수
model exists
유승민
model exists
이재명
searching...
searching...
searching...
searching...
searching...
searching...
[1119, 690, 642, 386, 307, 458]
log time : 2017-03-13 17:11:01-----> cron job executed !!
model exists
문재인
model exists
황교안
model exists
안희정
model exists
안철수
model exists
유승민
model exists
이재명
searching...
searching...
searching...
searching...
searching...
searching...
[1125, 692, 645, 390, 311, 464]
log time : 2017-03-13 17:12:02-----> cron job executed !!
model exists
문재인
model exists
황교안
model exists
안희정
model exists
안철수
model exists
유승민
model exists
이재명
searching...
searching...
searching...
searching...
searching...
searching...
model exists
문재인
model exists
황교안
model exists
안희정
model exists
안철수
model exists
유승민
model exists
이재명
log time : 2017-03-13 17:13:01-----> cron job executed !!
searching...
searching...
searching...
searching...
searching...
searching...
[1127, 692, 647, 392, 310, 469]
log time : 2017-03-13 17:14:01-----> cron job executed !!
searching...
searching...
searching...
searching...
searching...
searching...
model exists
문재인
model exists
황교안
model exists
안희정
model exists
안철수
model exists
유승민
model exists
이재명
log time : 2017-03-13 17:15:02-----> cron job executed !!
searching...
searching...
searching...
searching...
searching...
searching...
model exists
문재인
model exists
황교안
model exists
안희정
model exists
안철수
model exists
유승민
model exists
이재명
log time : 2017-03-13 17:16:01-----> cron job executed !!
searching...
searching...
searching...
searching...
searching...
searching...
model exists
문재인
model exists
황교안
model exists
안희정
model exists
안철수
model exists
유승민
model exists
이재명
log time : 2017-03-13 17:17:01-----> cron job executed !!
searching...
searching...
searching...
searching...
searching...
searching...
model exists
문재인
model exists
황교안
model exists
안희정
model exists
안철수
model exists
유승민
model exists
이재명
log time : 2017-03-13 17:18:02-----> cron job executed !!
searching...
searching...
searching...
searching...
searching...
searching...
model exists
문재인
model exists
황교안
model exists
안희정
model exists
안철수
model exists
유승민
model exists
이재명
log time : 2017-03-13 17:19:01-----> cron job executed !!
searching...
searching...
searching...
searching...
searching...
searching...
model exists
문재인
model exists
황교안
model exists
안희정
model exists
안철수
model exists
유승민
model exists
이재명
log time : 2017-03-13 17:20:01-----> cron job executed !!
searching...
searching...
searching...
searching...
searching...
searching...
model exists
문재인
model exists
황교안
model exists
안희정
model exists
안철수
model exists
유승민
model exists
이재명
log time : 2017-03-13 17:21:01-----> cron job executed !!
searching...
searching...
searching...
searching...
searching...
searching...
model exists
문재인
model exists
황교안
model exists
안희정
model exists
안철수
model exists
유승민
model exists
이재명
log time : 2017-03-13 17:22:01-----> cron job executed !!
searching...
searching...
searching...
searching...
searching...
searching...
model exists
문재인
model exists
황교안
model exists
안희정
model exists
안철수
model exists
유승민
model exists
이재명
log time : 2017-03-13 17:23:01-----> cron job executed !!
searching...
searching...
searching...
searching...
searching...
searching...
model exists
문재인
model exists
황교안
model exists
안희정
model exists
안철수
model exists
유승민
model exists
이재명
log time : 2017-03-13 17:24:01-----> cron job executed !!
searching...
searching...
searching...
searching...
searching...
searching...
model exists
문재인
model exists
황교안
model exists
안희정
model exists
안철수
model exists
유승민
model exists
이재명
log time : 2017-03-13 17:25:01-----> cron job executed !!
searching...
searching...
searching...
searching...
searching...
searching...
model exists
문재인
model exists
황교안
model exists
안희정
model exists
안철수
model exists
유승민
model exists
이재명
log time : 2017-03-13 17:26:01-----> cron job executed !!
searching...
searching...
searching...
searching...
searching...
searching...
model exists
문재인
model exists
황교안
model exists
안희정
model exists
안철수
model exists
유승민
model exists
이재명
log time : 2017-03-13 17:27:01-----> cron job executed !!
searching...
searching...
searching...
searching...
searching...
searching...
model exists
문재인
model exists
황교안
model exists
안희정
model exists
안철수
model exists
유승민
model exists
이재명
log time : 2017-03-13 17:28:02-----> cron job executed !!
searching...
searching...
searching...
searching...
searching...
searching...
model exists
문재인
model exists
황교안
model exists
안희정
model exists
안철수
model exists
유승민
model exists
이재명
log time : 2017-03-13 17:29:01-----> cron job executed !!
searching...
searching...
searching...
searching...
searching...
searching...
model exists
문재인
model exists
황교안
model exists
안희정
model exists
안철수
model exists
유승민
model exists
이재명
log time : 2017-03-13 17:30:01-----> cron job executed !!
searching...
searching...
searching...
searching...
searching...
searching...
model exists
문재인
model exists
황교안
model exists
안희정
model exists
안철수
model exists
유승민
model exists
이재명
log time : 2017-03-13 17:31:02-----> cron job executed !!
searching...
searching...
searching...
searching...
searching...
searching...
model exists
문재인
model exists
황교안
model exists
안희정
model exists
안철수
model exists
유승민
model exists
이재명
log time : 2017-03-13 17:32:01-----> cron job executed !!
searching...
searching...
searching...
searching...
searching...
searching...
model exists
문재인
model does not exist
model exists
황교안
model does not exist
model exists
안희정
model does not exist
model exists
안철수
model does not exist
model exists
유승민
model does not exist
model exists
이재명
model does not exist
log time : 2017-03-13 17:33:01-----> cron job executed !!
searching...
searching...
searching...
searching...
searching...
searching...
model exists
문재인
model does not exist
model exists
황교안
model does not exist
model exists
안희정
model does not exist
model exists
안철수
model does not exist
model exists
유승민
model does not exist
model exists
이재명
model does not exist
log time : 2017-03-13 17:34:02-----> cron job executed !!
searching...
searching...
searching...
searching...
searching...
searching...
model exists
문재인
model exists
황교안
model exists
안희정
model exists
안철수
model exists
유승민
model exists
이재명
log time : 2017-03-13 17:35:01-----> cron job executed !!
searching...
searching...
searching...
searching...
searching...
searching...
model exists
문재인
model exists
황교안
model exists
안희정
model exists
안철수
model exists
유승민
model exists
이재명
log time : 2017-03-13 17:36:02-----> cron job executed !!
searching...
searching...
searching...
searching...
searching...
searching...
model exists
문재인
model exists
황교안
model exists
안희정
model exists
안철수
model exists
유승민
model exists
이재명
log time : 2017-03-13 17:37:01-----> cron job executed !!
searching...
searching...
searching...
searching...
searching...
searching...
model exists
문재인
model exists
황교안
model exists
안희정
model exists
안철수
model exists
유승민
model exists
이재명
log time : 2017-03-13 17:38:01-----> cron job executed !!
searching...
searching...
searching...
searching...
searching...
searching...
model exists
문재인
model exists
황교안
model exists
안희정
model exists
안철수
model exists
유승민
model exists
이재명
log time : 2017-03-13 17:39:02-----> cron job executed !!
searching...
searching...
searching...
searching...
searching...
searching...
model does not exist
model does not exist
model does not exist
model does not exist
model does not exist
model does not exist
log time : 2017-03-13 17:40:01-----> cron job executed !!
searching...
searching...
searching...
searching...
searching...
searching...
model exists
문재인
model exists
황교안
model exists
안희정
model exists
안철수
model exists
유승민
model exists
이재명
log time : 2017-03-13 17:41:01-----> cron job executed !!
searching...
searching...
searching...
searching...
searching...
searching...
model exists
문재인
model exists
황교안
model exists
안희정
model exists
안철수
model exists
유승민
model exists
이재명
log time : 2017-03-13 17:42:01-----> cron job executed !!
searching...
searching...
searching...
searching...
searching...
searching...
model exists
문재인
model exists
황교안
model exists
안희정
model exists
안철수
model exists
유승민
model exists
이재명
log time : 2017-03-13 17:43:01-----> cron job executed !!
searching...
searching...
searching...
searching...
searching...
searching...
model exists
문재인
<type 'str'>
<type 'str'>
<type 'int'>
model exists
황교안
<type 'str'>
<type 'str'>
<type 'int'>
model exists
안희정
<type 'str'>
<type 'str'>
<type 'int'>
model exists
안철수
<type 'str'>
<type 'str'>
<type 'int'>
model exists
유승민
<type 'str'>
<type 'str'>
<type 'int'>
model exists
이재명
<type 'str'>
<type 'str'>
<type 'int'>
log time : 2017-03-13 17:44:02-----> cron job executed !!
searching...
searching...
searching...
searching...
searching...
searching...
model exists
문재인
<type 'str'>
<type 'str'>
<type 'int'>
['\xeb\xac\xb8\xec\x9e\xac\xec\x9d\xb8', '2017-03-13', 1179]
model exists
황교안
<type 'str'>
<type 'str'>
<type 'int'>
['\xed\x99\xa9\xea\xb5\x90\xec\x95\x88', '2017-03-13', 716]
model exists
안희정
<type 'str'>
<type 'str'>
<type 'int'>
['\xec\x95\x88\xed\x9d\xac\xec\xa0\x95', '2017-03-13', 692]
model exists
안철수
<type 'str'>
<type 'str'>
<type 'int'>
['\xec\x95\x88\xec\xb2\xa0\xec\x88\x98', '2017-03-13', 415]
model exists
유승민
<type 'str'>
<type 'str'>
<type 'int'>
['\xec\x9c\xa0\xec\x8a\xb9\xeb\xaf\xbc', '2017-03-13', 321]
model exists
이재명
<type 'str'>
<type 'str'>
<type 'int'>
['\xec\x9d\xb4\xec\x9e\xac\xeb\xaa\x85', '2017-03-13', 498]
log time : 2017-03-13 17:45:01-----> cron job executed !!
searching...
searching...
searching...
searching...
searching...
searching...
model exists
문재인
<type 'str'>
<type 'str'>
<type 'int'>
[u'\xeb\xac\xb8\xec\x9e\xac\xec\x9d\xb8', '2017-03-13', 1179]
model exists
황교안
<type 'str'>
<type 'str'>
<type 'int'>
[u'\xed\x99\xa9\xea\xb5\x90\xec\x95\x88', '2017-03-13', 716]
model exists
안희정
<type 'str'>
<type 'str'>
<type 'int'>
[u'\xec\x95\x88\xed\x9d\xac\xec\xa0\x95', '2017-03-13', 692]
model exists
안철수
<type 'str'>
<type 'str'>
<type 'int'>
[u'\xec\x95\x88\xec\xb2\xa0\xec\x88\x98', '2017-03-13', 415]
model exists
유승민
<type 'str'>
<type 'str'>
<type 'int'>
[u'\xec\x9c\xa0\xec\x8a\xb9\xeb\xaf\xbc', '2017-03-13', 321]
model exists
이재명
<type 'str'>
<type 'str'>
<type 'int'>
[u'\xec\x9d\xb4\xec\x9e\xac\xeb\xaa\x85', '2017-03-13', 498]
log time : 2017-03-13 17:46:01-----> cron job executed !!
searching...
searching...
searching...
searching...
searching...
searching...
model exists
문재인
<type 'unicode'>
<type 'str'>
<type 'int'>
[u'\xeb\xac\xb8\xec\x9e\xac\xec\x9d\xb8', '2017-03-13', 1182]
model exists
황교안
<type 'unicode'>
<type 'str'>
<type 'int'>
[u'\xed\x99\xa9\xea\xb5\x90\xec\x95\x88', '2017-03-13', 717]
model exists
안희정
<type 'unicode'>
<type 'str'>
<type 'int'>
[u'\xec\x95\x88\xed\x9d\xac\xec\xa0\x95', '2017-03-13', 692]
model exists
안철수
<type 'unicode'>
<type 'str'>
<type 'int'>
[u'\xec\x95\x88\xec\xb2\xa0\xec\x88\x98', '2017-03-13', 410]
model exists
유승민
<type 'unicode'>
<type 'str'>
<type 'int'>
[u'\xec\x9c\xa0\xec\x8a\xb9\xeb\xaf\xbc', '2017-03-13', 318]
model exists
이재명
<type 'unicode'>
<type 'str'>
<type 'int'>
[u'\xec\x9d\xb4\xec\x9e\xac\xeb\xaa\x85', '2017-03-13', 493]
log time : 2017-03-13 17:47:02-----> cron job executed !!
searching...
searching...
searching...
searching...
searching...
searching...
model exists
문재인
[u'\xeb\xac\xb8\xec\x9e\xac\xec\x9d\xb8', '2017-03-13', 1179]
model exists
황교안
[u'\xed\x99\xa9\xea\xb5\x90\xec\x95\x88', '2017-03-13', 714]
model exists
안희정
[u'\xec\x95\x88\xed\x9d\xac\xec\xa0\x95', '2017-03-13', 690]
model exists
안철수
[u'\xec\x95\x88\xec\xb2\xa0\xec\x88\x98', '2017-03-13', 409]
model exists
유승민
[u'\xec\x9c\xa0\xec\x8a\xb9\xeb\xaf\xbc', '2017-03-13', 316]
model exists
이재명
[u'\xec\x9d\xb4\xec\x9e\xac\xeb\xaa\x85', '2017-03-13', 490]
log time : 2017-03-13 17:48:01-----> cron job executed !!
searching...
searching...
searching...
searching...
searching...
searching...
model exists
문재인
[u'\xeb\xac\xb8\xec\x9e\xac\xec\x9d\xb8', '2017-03-13', 1179]
model does not exist
model exists
황교안
[u'\xed\x99\xa9\xea\xb5\x90\xec\x95\x88', '2017-03-13', 714]
model does not exist
model exists
안희정
[u'\xec\x95\x88\xed\x9d\xac\xec\xa0\x95', '2017-03-13', 690]
model does not exist
model exists
안철수
[u'\xec\x95\x88\xec\xb2\xa0\xec\x88\x98', '2017-03-13', 409]
model does not exist
model exists
유승민
[u'\xec\x9c\xa0\xec\x8a\xb9\xeb\xaf\xbc', '2017-03-13', 316]
model does not exist
model exists
이재명
[u'\xec\x9d\xb4\xec\x9e\xac\xeb\xaa\x85', '2017-03-13', 490]
model does not exist
log time : 2017-03-13 17:49:01-----> cron job executed !!
searching...
searching...
searching...
searching...
searching...
searching...
model exists
문재인
[u'\xeb\xac\xb8\xec\x9e\xac\xec\x9d\xb8', '2017-03-13', 1182]
model does not exist
model exists
황교안
[u'\xed\x99\xa9\xea\xb5\x90\xec\x95\x88', '2017-03-13', 715]
model does not exist
model exists
안희정
[u'\xec\x95\x88\xed\x9d\xac\xec\xa0\x95', '2017-03-13', 692]
model does not exist
model exists
안철수
[u'\xec\x95\x88\xec\xb2\xa0\xec\x88\x98', '2017-03-13', 411]
model does not exist
model exists
유승민
[u'\xec\x9c\xa0\xec\x8a\xb9\xeb\xaf\xbc', '2017-03-13', 316]
model does not exist
model exists
이재명
[u'\xec\x9d\xb4\xec\x9e\xac\xeb\xaa\x85', '2017-03-13', 490]
model does not exist
log time : 2017-03-13 17:50:02-----> cron job executed !!
searching...
searching...
searching...
searching...
searching...
searching...
model exists
문재인
model does not exist
model exists
황교안
model does not exist
model exists
안희정
model does not exist
model exists
안철수
model does not exist
model exists
유승민
model does not exist
model exists
이재명
model does not exist
log time : 2017-03-13 17:51:01-----> cron job executed !!
searching...
searching...
searching...
searching...
searching...
searching...
model exists
문재인
[[u'\ubb38\uc7ac\uc778', u'2017-03-08', 1516], [u'\ubb38\uc7ac\uc778', u'2017-03-09', 809], [u'\ubb38\uc7ac\uc778', u'2017-03-10', 1290], [u'\ubb38\uc7ac\uc778', u'2017-03-11', 417], [u'\ubb38\uc7ac\uc778', u'2017-03-12', 915], [u'\ubb38\uc7ac\uc778', u'2017-03-13', 1165], [u'\xeb\xac\xb8\xec\x9e\xac\xec\x9d\xb8', '2017-03-13', 1183]]
model exists
황교안
[[u'\ud669\uad50\uc548', u'2017-03-08', 496], [u'\ud669\uad50\uc548', u'2017-03-09', 434], [u'\ud669\uad50\uc548', u'2017-03-10', 2040], [u'\ud669\uad50\uc548', u'2017-03-11', 359], [u'\ud669\uad50\uc548', u'2017-03-12', 439], [u'\ud669\uad50\uc548', u'2017-03-13', 706], [u'\xed\x99\xa9\xea\xb5\x90\xec\x95\x88', '2017-03-13', 716]]
model exists
안희정
[[u'\uc548\ud76c\uc815', u'2017-03-08', 475], [u'\uc548\ud76c\uc815', u'2017-03-09', 655], [u'\uc548\ud76c\uc815', u'2017-03-10', 708], [u'\uc548\ud76c\uc815', u'2017-03-11', 152], [u'\uc548\ud76c\uc815', u'2017-03-12', 286], [u'\uc548\ud76c\uc815', u'2017-03-13', 678], [u'\xec\x95\x88\xed\x9d\xac\xec\xa0\x95', '2017-03-13', 692]]
model exists
안철수
[[u'\uc548\ucca0\uc218', u'2017-03-08', 719], [u'\uc548\ucca0\uc218', u'2017-03-09', 399], [u'\uc548\ucca0\uc218', u'2017-03-10', 694], [u'\uc548\ucca0\uc218', u'2017-03-11', 158], [u'\uc548\ucca0\uc218', u'2017-03-12', 256], [u'\uc548\ucca0\uc218', u'2017-03-13', 401], [u'\xec\x95\x88\xec\xb2\xa0\xec\x88\x98', '2017-03-13', 411]]
model exists
유승민
[[u'\uc720\uc2b9\ubbfc', u'2017-03-08', 272], [u'\uc720\uc2b9\ubbfc', u'2017-03-09', 721], [u'\uc720\uc2b9\ubbfc', u'2017-03-10', 505], [u'\uc720\uc2b9\ubbfc', u'2017-03-11', 150], [u'\uc720\uc2b9\ubbfc', u'2017-03-12', 190], [u'\uc720\uc2b9\ubbfc', u'2017-03-13', 313], [u'\xec\x9c\xa0\xec\x8a\xb9\xeb\xaf\xbc', '2017-03-13', 316]]
model exists
이재명
[[u'\uc774\uc7ac\uba85', u'2017-03-08', 651], [u'\uc774\uc7ac\uba85', u'2017-03-09', 446], [u'\uc774\uc7ac\uba85', u'2017-03-10', 657], [u'\uc774\uc7ac\uba85', u'2017-03-11', 168], [u'\uc774\uc7ac\uba85', u'2017-03-12', 335], [u'\uc774\uc7ac\uba85', u'2017-03-13', 483], [u'\xec\x9d\xb4\xec\x9e\xac\xeb\xaa\x85', '2017-03-13', 491]]
log time : 2017-03-13 17:52:01-----> cron job executed !!
searching...
searching...
searching...
searching...
searching...
searching...
model exists
문재인
[[u'\ubb38\uc7ac\uc778', u'2017-03-08', 1516], [u'\ubb38\uc7ac\uc778', u'2017-03-09', 809], [u'\ubb38\uc7ac\uc778', u'2017-03-10', 1290], [u'\ubb38\uc7ac\uc778', u'2017-03-11', 417], [u'\ubb38\uc7ac\uc778', u'2017-03-12', 915], [u'\ubb38\uc7ac\uc778', u'2017-03-13', 1165], [u'\xeb\xac\xb8\xec\x9e\xac\xec\x9d\xb8', '2017-03-13', 1185]]
model exists
황교안
[[u'\ud669\uad50\uc548', u'2017-03-08', 496], [u'\ud669\uad50\uc548', u'2017-03-09', 434], [u'\ud669\uad50\uc548', u'2017-03-10', 2040], [u'\ud669\uad50\uc548', u'2017-03-11', 359], [u'\ud669\uad50\uc548', u'2017-03-12', 439], [u'\ud669\uad50\uc548', u'2017-03-13', 706], [u'\xed\x99\xa9\xea\xb5\x90\xec\x95\x88', '2017-03-13', 720]]
model exists
안희정
[[u'\uc548\ud76c\uc815', u'2017-03-08', 475], [u'\uc548\ud76c\uc815', u'2017-03-09', 655], [u'\uc548\ud76c\uc815', u'2017-03-10', 708], [u'\uc548\ud76c\uc815', u'2017-03-11', 152], [u'\uc548\ud76c\uc815', u'2017-03-12', 286], [u'\uc548\ud76c\uc815', u'2017-03-13', 678], [u'\xec\x95\x88\xed\x9d\xac\xec\xa0\x95', '2017-03-13', 697]]
model exists
안철수
[[u'\uc548\ucca0\uc218', u'2017-03-08', 719], [u'\uc548\ucca0\uc218', u'2017-03-09', 399], [u'\uc548\ucca0\uc218', u'2017-03-10', 694], [u'\uc548\ucca0\uc218', u'2017-03-11', 158], [u'\uc548\ucca0\uc218', u'2017-03-12', 256], [u'\uc548\ucca0\uc218', u'2017-03-13', 401], [u'\xec\x95\x88\xec\xb2\xa0\xec\x88\x98', '2017-03-13', 413]]
model exists
유승민
[[u'\uc720\uc2b9\ubbfc', u'2017-03-08', 272], [u'\uc720\uc2b9\ubbfc', u'2017-03-09', 721], [u'\uc720\uc2b9\ubbfc', u'2017-03-10', 505], [u'\uc720\uc2b9\ubbfc', u'2017-03-11', 150], [u'\uc720\uc2b9\ubbfc', u'2017-03-12', 190], [u'\uc720\uc2b9\ubbfc', u'2017-03-13', 313], [u'\xec\x9c\xa0\xec\x8a\xb9\xeb\xaf\xbc', '2017-03-13', 318]]
model exists
이재명
[[u'\uc774\uc7ac\uba85', u'2017-03-08', 651], [u'\uc774\uc7ac\uba85', u'2017-03-09', 446], [u'\uc774\uc7ac\uba85', u'2017-03-10', 657], [u'\uc774\uc7ac\uba85', u'2017-03-11', 168], [u'\uc774\uc7ac\uba85', u'2017-03-12', 335], [u'\uc774\uc7ac\uba85', u'2017-03-13', 483], [u'\xec\x9d\xb4\xec\x9e\xac\xeb\xaa\x85', '2017-03-13', 493]]
log time : 2017-03-13 17:53:02-----> cron job executed !!
searching...
searching...
searching...
searching...
searching...
searching...
model exists
문재인
update completed !!
model exists
황교안
update completed !!
model exists
안희정
update completed !!
model exists
안철수
update completed !!
model exists
유승민
update completed !!
model exists
이재명
update completed !!
log time : 2017-03-13 17:54:01-----> cron job executed !!
searching...
searching...
searching...
searching...
searching...
searching...
model exists
문재인
update completed !!
model exists
황교안
update completed !!
model exists
안희정
update completed !!
model exists
안철수
update completed !!
model exists
유승민
update completed !!
model exists
이재명
update completed !!
log time : 2017-03-13 17:55:02-----> cron job executed !!
searching...
searching...
searching...
searching...
searching...
searching...
model exists
문재인
model does not exist
model exists
황교안
model does not exist
model exists
안희정
model does not exist
model exists
안철수
model does not exist
model exists
유승민
model does not exist
model exists
이재명
model does not exist
log time : 2017-03-13 17:56:01-----> cron job executed !!
searching...
searching...
searching...
searching...
searching...
searching...
model exists
문재인
model does not exist
model exists
황교안
model does not exist
model exists
안희정
model does not exist
model exists
안철수
model does not exist
model exists
유승민
model does not exist
model exists
이재명
model does not exist
log time : 2017-03-13 17:57:01-----> cron job executed !!
searching...
searching...
searching...
searching...
searching...
searching...
model exists
문재인
model does not exist
model exists
황교안
model does not exist
model exists
안희정
model does not exist
model exists
안철수
model does not exist
model exists
유승민
model does not exist
model exists
이재명
model does not exist
log time : 2017-03-13 17:58:01-----> cron job executed !!
searching...
searching...
searching...
searching...
searching...
searching...
model exists
문재인
model does not exist
model exists
황교안
model does not exist
model exists
안희정
model does not exist
model exists
안철수
model does not exist
model exists
유승민
model does not exist
model exists
이재명
model does not exist
log time : 2017-03-13 17:59:01-----> cron job executed !!
searching...
searching...
searching...
searching...
searching...
searching...
model exists
문재인
model does not exist
model exists
황교안
model does not exist
model exists
안희정
model does not exist
model exists
안철수
model does not exist
model exists
유승민
model does not exist
model exists
이재명
model does not exist
log time : 2017-03-13 18:00:02-----> cron job executed !!
searching...
searching...
searching...
searching...
searching...
searching...
model exists
문재인
model does not exist
model exists
황교안
model does not exist
model exists
안희정
model does not exist
model exists
안철수
model does not exist
model exists
유승민
model does not exist
model exists
이재명
model does not exist
log time : 2017-03-13 18:01:01-----> cron job executed !!
searching...
searching...
searching...
searching...
searching...
searching...
model exists
문재인
model does not exist
model exists
황교안
model does not exist
model exists
안희정
model does not exist
model exists
안철수
model does not exist
model exists
유승민
model does not exist
model exists
이재명
model does not exist
log time : 2017-03-13 18:02:02-----> cron job executed !!
searching...
searching...
searching...
searching...
searching...
searching...
model exists
문재인
model does not exist
model exists
황교안
model does not exist
model exists
안희정
model does not exist
model exists
안철수
model does not exist
model exists
유승민
model does not exist
model exists
이재명
model does not exist
log time : 2017-03-13 18:03:01-----> cron job executed !!
searching...
searching...
searching...
searching...
searching...
searching...
model exists
문재인
model does not exist
model exists
황교안
model does not exist
model exists
안희정
model does not exist
model exists
안철수
model does not exist
model exists
유승민
model does not exist
model exists
이재명
model does not exist
log time : 2017-03-13 18:04:01-----> cron job executed !!
searching...
searching...
searching...
searching...
searching...
searching...
model exists
문재인
model does not exist
model exists
황교안
model does not exist
model exists
안희정
model does not exist
model exists
안철수
model does not exist
model exists
유승민
model does not exist
model exists
이재명
model does not exist
log time : 2017-03-13 18:05:01-----> cron job executed !!
searching...
searching...
searching...
searching...
searching...
searching...
model exists
문재인
model does not exist
model exists
황교안
model does not exist
model exists
안희정
model does not exist
model exists
안철수
model does not exist
model exists
유승민
model does not exist
model exists
이재명
model does not exist
log time : 2017-03-13 18:06:01-----> cron job executed !!
searching...
searching...
searching...
searching...
searching...
searching...
model exists
문재인
<type 'str'>
model exists
황교안
<type 'str'>
model exists
안희정
<type 'str'>
model exists
안철수
<type 'str'>
model exists
유승민
<type 'str'>
model exists
이재명
<type 'str'>
log time : 2017-03-13 18:07:01-----> cron job executed !!
searching...
searching...
searching...
searching...
searching...
searching...
model exists
문재인
<type 'str'>
model exists
황교안
<type 'str'>
model exists
안희정
<type 'str'>
model exists
안철수
<type 'str'>
model exists
유승민
<type 'str'>
model exists
이재명
<type 'str'>
log time : 2017-03-13 18:08:01-----> cron job executed !!
searching...
searching...
searching...
searching...
searching...
searching...
model exists
문재인
model does not exist
model exists
황교안
model does not exist
model exists
안희정
model does not exist
model exists
안철수
model does not exist
model exists
유승민
model does not exist
model exists
이재명
model does not exist
log time : 2017-03-13 18:09:02-----> cron job executed !!
searching...
searching...
searching...
searching...
searching...
searching...
model exists
문재인
model does not exist
model exists
황교안
model does not exist
model exists
안희정
model does not exist
model exists
안철수
model does not exist
model exists
유승민
model does not exist
model exists
이재명
model does not exist
log time : 2017-03-13 18:10:01-----> cron job executed !!
searching...
searching...
searching...
searching...
searching...
searching...
model exists
문재인
model does not exist
model exists
황교안
model does not exist
model exists
안희정
model does not exist
model exists
안철수
model does not exist
model exists
유승민
model does not exist
model exists
이재명
model does not exist
log time : 2017-03-13 18:11:01-----> cron job executed !!
searching...
searching...
searching...
searching...
searching...
searching...
model exists
문재인
model does not exist
model exists
황교안
model does not exist
model exists
안희정
model does not exist
model exists
안철수
model does not exist
model exists
유승민
model does not exist
model exists
이재명
model does not exist
log time : 2017-03-13 18:12:01-----> cron job executed !!
searching...
searching...
searching...
searching...
searching...
searching...
model exists
문재인
model does not exist
model exists
황교안
model does not exist
model exists
안희정
model does not exist
model exists
안철수
model does not exist
model exists
유승민
model does not exist
model exists
이재명
model does not exist
log time : 2017-03-13 18:13:01-----> cron job executed !!
searching...
searching...
searching...
searching...
searching...
searching...
model exists
문재인
model does not exist
model exists
황교안
model does not exist
model exists
안희정
model does not exist
model exists
안철수
model does not exist
model exists
유승민
model does not exist
model exists
이재명
model does not exist
log time : 2017-03-13 18:14:01-----> cron job executed !!
searching...
searching...
searching...
searching...
searching...
searching...
model exists
문재인
<type 'unicode'>
model exists
황교안
<type 'unicode'>
model exists
안희정
<type 'unicode'>
model exists
안철수
<type 'unicode'>
model exists
유승민
<type 'unicode'>
model exists
이재명
<type 'unicode'>
log time : 2017-03-13 18:15:02-----> cron job executed !!
searching...
searching...
searching...
searching...
searching...
searching...
model exists
문재인
model does not exist
model exists
황교안
model does not exist
model exists
안희정
model does not exist
model exists
안철수
model does not exist
model exists
유승민
model does not exist
model exists
이재명
model does not exist
log time : 2017-03-13 18:16:01-----> cron job executed !!
searching...
searching...
searching...
searching...
searching...
searching...
model exists
문재인
[u'\ubb38\uc7ac\uc778', '2017-03-13', 1221]
model exists
황교안
[u'\ud669\uad50\uc548', '2017-03-13', 740]
model exists
안희정
[u'\uc548\ud76c\uc815', '2017-03-13', 719]
model exists
안철수
[u'\uc548\ucca0\uc218', '2017-03-13', 427]
model exists
유승민
[u'\uc720\uc2b9\ubbfc', '2017-03-13', 320]
model exists
이재명
[u'\uc774\uc7ac\uba85', '2017-03-13', 510]
log time : 2017-03-13 18:17:02-----> cron job executed !!
searching...
searching...
searching...
searching...
searching...
searching...
model exists
문재인
[u'\ubb38\uc7ac\uc778', '2017-03-13', 1227]
model exists
황교안
[u'\ud669\uad50\uc548', '2017-03-13', 745]
model exists
안희정
[u'\uc548\ud76c\uc815', '2017-03-13', 723]
model exists
안철수
[u'\uc548\ucca0\uc218', '2017-03-13', 430]
model exists
유승민
[u'\uc720\uc2b9\ubbfc', '2017-03-13', 324]
model exists
이재명
[u'\uc774\uc7ac\uba85', '2017-03-13', 517]
log time : 2017-03-13 18:18:01-----> cron job executed !!
searching...
searching...
searching...
searching...
searching...
searching...
model exists
문재인
[u'\ubb38\uc7ac\uc778', '2017-03-13', 1227]
model exists
황교안
[u'\ud669\uad50\uc548', '2017-03-13', 745]
model exists
안희정
[u'\uc548\ud76c\uc815', '2017-03-13', 723]
model exists
안철수
[u'\uc548\ucca0\uc218', '2017-03-13', 430]
model exists
유승민
[u'\uc720\uc2b9\ubbfc', '2017-03-13', 324]
model exists
이재명
[u'\uc774\uc7ac\uba85', '2017-03-13', 517]
log time : 2017-03-13 18:19:02-----> cron job executed !!
searching...
searching...
searching...
searching...
searching...
searching...
model exists
문재인
model exists
황교안
model exists
안희정
model exists
안철수
model exists
유승민
model exists
이재명
log time : 2017-03-13 18:20:01-----> cron job executed !!
searching...
searching...
searching...
searching...
searching...
searching...
model exists
문재인
update completed !!
model exists
황교안
update completed !!
model exists
안희정
update completed !!
model exists
안철수
update completed !!
model exists
유승민
update completed !!
model exists
이재명
update completed !!
log time : 2017-03-14 00:00:01-----> cron job executed !!
searching...
searching...
searching...
